2021-05-31 17:24:26,350 WARN [main] o.s.b.t.j.DuplicateJsonObjectContextCustomizerFactory$DuplicateJsonObjectContextCustomizer [DuplicateJsonObjectContextCustomizerFactory.java : 78] 

Found multiple occurrences of org.json.JSONObject on the class path:

	jar:file:/D:/tool/apache-maven-3.2.3/repository/com/vaadin/external/google/android-json/0.0.20131108.vaadin1/android-json-0.0.20131108.vaadin1.jar!/org/json/JSONObject.class
	jar:file:/D:/tool/apache-maven-3.2.3/repository/org/json/json/20180130/json-20180130.jar!/org/json/JSONObject.class

You may wish to exclude one of them to ensure predictable runtime behavior

2021-05-31 17:24:44,966 WARN [main] org.hibernate.cfg.AnnotationBinder [AnnotationBinder.java : 3613] HHH000491: The [operBy] association in the [com.linln.modules.system.domain.ActionLog] entity uses both @NotFound(action = NotFoundAction.IGNORE) and FetchType.LAZY. The NotFoundAction.IGNORE @ManyToOne and @OneToOne associations are always fetched eagerly.
2021-05-31 17:24:44,986 WARN [main] org.hibernate.cfg.AnnotationBinder [AnnotationBinder.java : 3613] HHH000491: The [createBy] association in the [com.linln.modules.system.domain.Dept] entity uses both @NotFound(action = NotFoundAction.IGNORE) and FetchType.LAZY. The NotFoundAction.IGNORE @ManyToOne and @OneToOne associations are always fetched eagerly.
2021-05-31 17:24:44,986 WARN [main] org.hibernate.cfg.AnnotationBinder [AnnotationBinder.java : 3613] HHH000491: The [updateBy] association in the [com.linln.modules.system.domain.Dept] entity uses both @NotFound(action = NotFoundAction.IGNORE) and FetchType.LAZY. The NotFoundAction.IGNORE @ManyToOne and @OneToOne associations are always fetched eagerly.
2021-05-31 17:24:44,996 WARN [main] org.hibernate.cfg.AnnotationBinder [AnnotationBinder.java : 3613] HHH000491: The [createBy] association in the [com.linln.modules.system.domain.Dict] entity uses both @NotFound(action = NotFoundAction.IGNORE) and FetchType.LAZY. The NotFoundAction.IGNORE @ManyToOne and @OneToOne associations are always fetched eagerly.
2021-05-31 17:24:44,996 WARN [main] org.hibernate.cfg.AnnotationBinder [AnnotationBinder.java : 3613] HHH000491: The [updateBy] association in the [com.linln.modules.system.domain.Dict] entity uses both @NotFound(action = NotFoundAction.IGNORE) and FetchType.LAZY. The NotFoundAction.IGNORE @ManyToOne and @OneToOne associations are always fetched eagerly.
2021-05-31 17:24:45,006 WARN [main] org.hibernate.cfg.AnnotationBinder [AnnotationBinder.java : 3613] HHH000491: The [createBy] association in the [com.linln.modules.system.domain.Menu] entity uses both @NotFound(action = NotFoundAction.IGNORE) and FetchType.LAZY. The NotFoundAction.IGNORE @ManyToOne and @OneToOne associations are always fetched eagerly.
2021-05-31 17:24:45,016 WARN [main] org.hibernate.cfg.AnnotationBinder [AnnotationBinder.java : 3613] HHH000491: The [updateBy] association in the [com.linln.modules.system.domain.Menu] entity uses both @NotFound(action = NotFoundAction.IGNORE) and FetchType.LAZY. The NotFoundAction.IGNORE @ManyToOne and @OneToOne associations are always fetched eagerly.
2021-05-31 17:24:45,026 WARN [main] org.hibernate.cfg.AnnotationBinder [AnnotationBinder.java : 3613] HHH000491: The [createBy] association in the [com.linln.modules.system.domain.Role] entity uses both @NotFound(action = NotFoundAction.IGNORE) and FetchType.LAZY. The NotFoundAction.IGNORE @ManyToOne and @OneToOne associations are always fetched eagerly.
2021-05-31 17:24:45,036 WARN [main] org.hibernate.cfg.AnnotationBinder [AnnotationBinder.java : 3613] HHH000491: The [updateBy] association in the [com.linln.modules.system.domain.Role] entity uses both @NotFound(action = NotFoundAction.IGNORE) and FetchType.LAZY. The NotFoundAction.IGNORE @ManyToOne and @OneToOne associations are always fetched eagerly.
2021-05-31 17:24:45,036 WARN [main] org.hibernate.cfg.AnnotationBinder [AnnotationBinder.java : 3613] HHH000491: The [createBy] association in the [com.linln.modules.system.domain.Upload] entity uses both @NotFound(action = NotFoundAction.IGNORE) and FetchType.LAZY. The NotFoundAction.IGNORE @ManyToOne and @OneToOne associations are always fetched eagerly.
2021-05-31 17:25:01,054 WARN [main] o.s.b.a.o.j.JpaBaseConfiguration$JpaWebConfiguration [JpaBaseConfiguration.java : 221] spring.jpa.open-in-view is enabled by default. Therefore, database queries may be performed during view rendering. Explicitly configure spring.jpa.open-in-view to disable this warning
2021-05-31 17:43:49,270 WARN [main] o.s.b.t.j.DuplicateJsonObjectContextCustomizerFactory$DuplicateJsonObjectContextCustomizer [DuplicateJsonObjectContextCustomizerFactory.java : 78] 

Found multiple occurrences of org.json.JSONObject on the class path:

	jar:file:/D:/tool/apache-maven-3.2.3/repository/com/vaadin/external/google/android-json/0.0.20131108.vaadin1/android-json-0.0.20131108.vaadin1.jar!/org/json/JSONObject.class
	jar:file:/D:/tool/apache-maven-3.2.3/repository/org/json/json/20180130/json-20180130.jar!/org/json/JSONObject.class

You may wish to exclude one of them to ensure predictable runtime behavior

2021-05-31 17:44:14,128 WARN [main] org.hibernate.cfg.AnnotationBinder [AnnotationBinder.java : 3613] HHH000491: The [operBy] association in the [com.linln.modules.system.domain.ActionLog] entity uses both @NotFound(action = NotFoundAction.IGNORE) and FetchType.LAZY. The NotFoundAction.IGNORE @ManyToOne and @OneToOne associations are always fetched eagerly.
2021-05-31 17:44:14,148 WARN [main] org.hibernate.cfg.AnnotationBinder [AnnotationBinder.java : 3613] HHH000491: The [createBy] association in the [com.linln.modules.system.domain.Dept] entity uses both @NotFound(action = NotFoundAction.IGNORE) and FetchType.LAZY. The NotFoundAction.IGNORE @ManyToOne and @OneToOne associations are always fetched eagerly.
2021-05-31 17:44:14,158 WARN [main] org.hibernate.cfg.AnnotationBinder [AnnotationBinder.java : 3613] HHH000491: The [updateBy] association in the [com.linln.modules.system.domain.Dept] entity uses both @NotFound(action = NotFoundAction.IGNORE) and FetchType.LAZY. The NotFoundAction.IGNORE @ManyToOne and @OneToOne associations are always fetched eagerly.
2021-05-31 17:44:14,168 WARN [main] org.hibernate.cfg.AnnotationBinder [AnnotationBinder.java : 3613] HHH000491: The [createBy] association in the [com.linln.modules.system.domain.Dict] entity uses both @NotFound(action = NotFoundAction.IGNORE) and FetchType.LAZY. The NotFoundAction.IGNORE @ManyToOne and @OneToOne associations are always fetched eagerly.
2021-05-31 17:44:14,168 WARN [main] org.hibernate.cfg.AnnotationBinder [AnnotationBinder.java : 3613] HHH000491: The [updateBy] association in the [com.linln.modules.system.domain.Dict] entity uses both @NotFound(action = NotFoundAction.IGNORE) and FetchType.LAZY. The NotFoundAction.IGNORE @ManyToOne and @OneToOne associations are always fetched eagerly.
2021-05-31 17:44:14,178 WARN [main] org.hibernate.cfg.AnnotationBinder [AnnotationBinder.java : 3613] HHH000491: The [createBy] association in the [com.linln.modules.system.domain.Menu] entity uses both @NotFound(action = NotFoundAction.IGNORE) and FetchType.LAZY. The NotFoundAction.IGNORE @ManyToOne and @OneToOne associations are always fetched eagerly.
2021-05-31 17:44:14,188 WARN [main] org.hibernate.cfg.AnnotationBinder [AnnotationBinder.java : 3613] HHH000491: The [updateBy] association in the [com.linln.modules.system.domain.Menu] entity uses both @NotFound(action = NotFoundAction.IGNORE) and FetchType.LAZY. The NotFoundAction.IGNORE @ManyToOne and @OneToOne associations are always fetched eagerly.
2021-05-31 17:44:14,198 WARN [main] org.hibernate.cfg.AnnotationBinder [AnnotationBinder.java : 3613] HHH000491: The [createBy] association in the [com.linln.modules.system.domain.Role] entity uses both @NotFound(action = NotFoundAction.IGNORE) and FetchType.LAZY. The NotFoundAction.IGNORE @ManyToOne and @OneToOne associations are always fetched eagerly.
2021-05-31 17:44:14,208 WARN [main] org.hibernate.cfg.AnnotationBinder [AnnotationBinder.java : 3613] HHH000491: The [updateBy] association in the [com.linln.modules.system.domain.Role] entity uses both @NotFound(action = NotFoundAction.IGNORE) and FetchType.LAZY. The NotFoundAction.IGNORE @ManyToOne and @OneToOne associations are always fetched eagerly.
2021-05-31 17:44:14,218 WARN [main] org.hibernate.cfg.AnnotationBinder [AnnotationBinder.java : 3613] HHH000491: The [createBy] association in the [com.linln.modules.system.domain.Upload] entity uses both @NotFound(action = NotFoundAction.IGNORE) and FetchType.LAZY. The NotFoundAction.IGNORE @ManyToOne and @OneToOne associations are always fetched eagerly.
2021-05-31 17:44:30,740 WARN [main] o.s.b.a.o.j.JpaBaseConfiguration$JpaWebConfiguration [JpaBaseConfiguration.java : 221] spring.jpa.open-in-view is enabled by default. Therefore, database queries may be performed during view rendering. Explicitly configure spring.jpa.open-in-view to disable this warning
2021-05-31 18:37:06,800 WARN [main] o.s.b.t.j.DuplicateJsonObjectContextCustomizerFactory$DuplicateJsonObjectContextCustomizer [DuplicateJsonObjectContextCustomizerFactory.java : 78] 

Found multiple occurrences of org.json.JSONObject on the class path:

	jar:file:/D:/tool/apache-maven-3.2.3/repository/com/vaadin/external/google/android-json/0.0.20131108.vaadin1/android-json-0.0.20131108.vaadin1.jar!/org/json/JSONObject.class
	jar:file:/D:/tool/apache-maven-3.2.3/repository/org/json/json/20180130/json-20180130.jar!/org/json/JSONObject.class

You may wish to exclude one of them to ensure predictable runtime behavior

2021-05-31 18:37:59,731 WARN [main] org.hibernate.cfg.AnnotationBinder [AnnotationBinder.java : 3613] HHH000491: The [operBy] association in the [com.linln.modules.system.domain.ActionLog] entity uses both @NotFound(action = NotFoundAction.IGNORE) and FetchType.LAZY. The NotFoundAction.IGNORE @ManyToOne and @OneToOne associations are always fetched eagerly.
2021-05-31 18:37:59,746 WARN [main] org.hibernate.cfg.AnnotationBinder [AnnotationBinder.java : 3613] HHH000491: The [createBy] association in the [com.linln.modules.system.domain.Dept] entity uses both @NotFound(action = NotFoundAction.IGNORE) and FetchType.LAZY. The NotFoundAction.IGNORE @ManyToOne and @OneToOne associations are always fetched eagerly.
2021-05-31 18:37:59,746 WARN [main] org.hibernate.cfg.AnnotationBinder [AnnotationBinder.java : 3613] HHH000491: The [updateBy] association in the [com.linln.modules.system.domain.Dept] entity uses both @NotFound(action = NotFoundAction.IGNORE) and FetchType.LAZY. The NotFoundAction.IGNORE @ManyToOne and @OneToOne associations are always fetched eagerly.
2021-05-31 18:37:59,746 WARN [main] org.hibernate.cfg.AnnotationBinder [AnnotationBinder.java : 3613] HHH000491: The [createBy] association in the [com.linln.modules.system.domain.Dict] entity uses both @NotFound(action = NotFoundAction.IGNORE) and FetchType.LAZY. The NotFoundAction.IGNORE @ManyToOne and @OneToOne associations are always fetched eagerly.
2021-05-31 18:37:59,746 WARN [main] org.hibernate.cfg.AnnotationBinder [AnnotationBinder.java : 3613] HHH000491: The [updateBy] association in the [com.linln.modules.system.domain.Dict] entity uses both @NotFound(action = NotFoundAction.IGNORE) and FetchType.LAZY. The NotFoundAction.IGNORE @ManyToOne and @OneToOne associations are always fetched eagerly.
2021-05-31 18:37:59,762 WARN [main] org.hibernate.cfg.AnnotationBinder [AnnotationBinder.java : 3613] HHH000491: The [createBy] association in the [com.linln.modules.system.domain.Menu] entity uses both @NotFound(action = NotFoundAction.IGNORE) and FetchType.LAZY. The NotFoundAction.IGNORE @ManyToOne and @OneToOne associations are always fetched eagerly.
2021-05-31 18:37:59,762 WARN [main] org.hibernate.cfg.AnnotationBinder [AnnotationBinder.java : 3613] HHH000491: The [updateBy] association in the [com.linln.modules.system.domain.Menu] entity uses both @NotFound(action = NotFoundAction.IGNORE) and FetchType.LAZY. The NotFoundAction.IGNORE @ManyToOne and @OneToOne associations are always fetched eagerly.
2021-05-31 18:37:59,778 WARN [main] org.hibernate.cfg.AnnotationBinder [AnnotationBinder.java : 3613] HHH000491: The [createBy] association in the [com.linln.modules.system.domain.Role] entity uses both @NotFound(action = NotFoundAction.IGNORE) and FetchType.LAZY. The NotFoundAction.IGNORE @ManyToOne and @OneToOne associations are always fetched eagerly.
2021-05-31 18:37:59,793 WARN [main] org.hibernate.cfg.AnnotationBinder [AnnotationBinder.java : 3613] HHH000491: The [updateBy] association in the [com.linln.modules.system.domain.Role] entity uses both @NotFound(action = NotFoundAction.IGNORE) and FetchType.LAZY. The NotFoundAction.IGNORE @ManyToOne and @OneToOne associations are always fetched eagerly.
2021-05-31 18:37:59,793 WARN [main] org.hibernate.cfg.AnnotationBinder [AnnotationBinder.java : 3613] HHH000491: The [createBy] association in the [com.linln.modules.system.domain.Upload] entity uses both @NotFound(action = NotFoundAction.IGNORE) and FetchType.LAZY. The NotFoundAction.IGNORE @ManyToOne and @OneToOne associations are always fetched eagerly.
2021-05-31 18:38:17,125 WARN [main] o.s.b.a.o.j.JpaBaseConfiguration$JpaWebConfiguration [JpaBaseConfiguration.java : 221] spring.jpa.open-in-view is enabled by default. Therefore, database queries may be performed during view rendering. Explicitly configure spring.jpa.open-in-view to disable this warning
2021-05-31 18:49:55,843 WARN [main] o.s.b.t.j.DuplicateJsonObjectContextCustomizerFactory$DuplicateJsonObjectContextCustomizer [DuplicateJsonObjectContextCustomizerFactory.java : 78] 

Found multiple occurrences of org.json.JSONObject on the class path:

	jar:file:/D:/tool/apache-maven-3.2.3/repository/com/vaadin/external/google/android-json/0.0.20131108.vaadin1/android-json-0.0.20131108.vaadin1.jar!/org/json/JSONObject.class
	jar:file:/D:/tool/apache-maven-3.2.3/repository/org/json/json/20180130/json-20180130.jar!/org/json/JSONObject.class

You may wish to exclude one of them to ensure predictable runtime behavior

2021-05-31 18:50:12,594 WARN [main] org.hibernate.cfg.AnnotationBinder [AnnotationBinder.java : 3613] HHH000491: The [operBy] association in the [com.linln.modules.system.domain.ActionLog] entity uses both @NotFound(action = NotFoundAction.IGNORE) and FetchType.LAZY. The NotFoundAction.IGNORE @ManyToOne and @OneToOne associations are always fetched eagerly.
2021-05-31 18:50:12,604 WARN [main] org.hibernate.cfg.AnnotationBinder [AnnotationBinder.java : 3613] HHH000491: The [createBy] association in the [com.linln.modules.system.domain.Dept] entity uses both @NotFound(action = NotFoundAction.IGNORE) and FetchType.LAZY. The NotFoundAction.IGNORE @ManyToOne and @OneToOne associations are always fetched eagerly.
2021-05-31 18:50:12,614 WARN [main] org.hibernate.cfg.AnnotationBinder [AnnotationBinder.java : 3613] HHH000491: The [updateBy] association in the [com.linln.modules.system.domain.Dept] entity uses both @NotFound(action = NotFoundAction.IGNORE) and FetchType.LAZY. The NotFoundAction.IGNORE @ManyToOne and @OneToOne associations are always fetched eagerly.
2021-05-31 18:50:12,624 WARN [main] org.hibernate.cfg.AnnotationBinder [AnnotationBinder.java : 3613] HHH000491: The [createBy] association in the [com.linln.modules.system.domain.Dict] entity uses both @NotFound(action = NotFoundAction.IGNORE) and FetchType.LAZY. The NotFoundAction.IGNORE @ManyToOne and @OneToOne associations are always fetched eagerly.
2021-05-31 18:50:12,634 WARN [main] org.hibernate.cfg.AnnotationBinder [AnnotationBinder.java : 3613] HHH000491: The [updateBy] association in the [com.linln.modules.system.domain.Dict] entity uses both @NotFound(action = NotFoundAction.IGNORE) and FetchType.LAZY. The NotFoundAction.IGNORE @ManyToOne and @OneToOne associations are always fetched eagerly.
2021-05-31 18:50:12,634 WARN [main] org.hibernate.cfg.AnnotationBinder [AnnotationBinder.java : 3613] HHH000491: The [createBy] association in the [com.linln.modules.system.domain.Menu] entity uses both @NotFound(action = NotFoundAction.IGNORE) and FetchType.LAZY. The NotFoundAction.IGNORE @ManyToOne and @OneToOne associations are always fetched eagerly.
2021-05-31 18:50:12,644 WARN [main] org.hibernate.cfg.AnnotationBinder [AnnotationBinder.java : 3613] HHH000491: The [updateBy] association in the [com.linln.modules.system.domain.Menu] entity uses both @NotFound(action = NotFoundAction.IGNORE) and FetchType.LAZY. The NotFoundAction.IGNORE @ManyToOne and @OneToOne associations are always fetched eagerly.
2021-05-31 18:50:12,654 WARN [main] org.hibernate.cfg.AnnotationBinder [AnnotationBinder.java : 3613] HHH000491: The [createBy] association in the [com.linln.modules.system.domain.Role] entity uses both @NotFound(action = NotFoundAction.IGNORE) and FetchType.LAZY. The NotFoundAction.IGNORE @ManyToOne and @OneToOne associations are always fetched eagerly.
2021-05-31 18:50:12,664 WARN [main] org.hibernate.cfg.AnnotationBinder [AnnotationBinder.java : 3613] HHH000491: The [updateBy] association in the [com.linln.modules.system.domain.Role] entity uses both @NotFound(action = NotFoundAction.IGNORE) and FetchType.LAZY. The NotFoundAction.IGNORE @ManyToOne and @OneToOne associations are always fetched eagerly.
2021-05-31 18:50:12,664 WARN [main] org.hibernate.cfg.AnnotationBinder [AnnotationBinder.java : 3613] HHH000491: The [createBy] association in the [com.linln.modules.system.domain.Upload] entity uses both @NotFound(action = NotFoundAction.IGNORE) and FetchType.LAZY. The NotFoundAction.IGNORE @ManyToOne and @OneToOne associations are always fetched eagerly.
2021-05-31 18:50:32,224 WARN [main] o.s.b.a.o.j.JpaBaseConfiguration$JpaWebConfiguration [JpaBaseConfiguration.java : 221] spring.jpa.open-in-view is enabled by default. Therefore, database queries may be performed during view rendering. Explicitly configure spring.jpa.open-in-view to disable this warning
2021-05-31 23:02:01,856 WARN [main] o.s.b.t.j.DuplicateJsonObjectContextCustomizerFactory$DuplicateJsonObjectContextCustomizer [DuplicateJsonObjectContextCustomizerFactory.java : 78] 

Found multiple occurrences of org.json.JSONObject on the class path:

	jar:file:/D:/tool/apache-maven-3.2.3/repository/com/vaadin/external/google/android-json/0.0.20131108.vaadin1/android-json-0.0.20131108.vaadin1.jar!/org/json/JSONObject.class
	jar:file:/D:/tool/apache-maven-3.2.3/repository/org/json/json/20180130/json-20180130.jar!/org/json/JSONObject.class

You may wish to exclude one of them to ensure predictable runtime behavior

2021-05-31 23:02:21,091 WARN [main] org.hibernate.cfg.AnnotationBinder [AnnotationBinder.java : 3613] HHH000491: The [operBy] association in the [com.linln.modules.system.domain.ActionLog] entity uses both @NotFound(action = NotFoundAction.IGNORE) and FetchType.LAZY. The NotFoundAction.IGNORE @ManyToOne and @OneToOne associations are always fetched eagerly.
2021-05-31 23:02:21,106 WARN [main] org.hibernate.cfg.AnnotationBinder [AnnotationBinder.java : 3613] HHH000491: The [createBy] association in the [com.linln.modules.system.domain.Dept] entity uses both @NotFound(action = NotFoundAction.IGNORE) and FetchType.LAZY. The NotFoundAction.IGNORE @ManyToOne and @OneToOne associations are always fetched eagerly.
2021-05-31 23:02:21,122 WARN [main] org.hibernate.cfg.AnnotationBinder [AnnotationBinder.java : 3613] HHH000491: The [updateBy] association in the [com.linln.modules.system.domain.Dept] entity uses both @NotFound(action = NotFoundAction.IGNORE) and FetchType.LAZY. The NotFoundAction.IGNORE @ManyToOne and @OneToOne associations are always fetched eagerly.
2021-05-31 23:02:21,122 WARN [main] org.hibernate.cfg.AnnotationBinder [AnnotationBinder.java : 3613] HHH000491: The [createBy] association in the [com.linln.modules.system.domain.Dict] entity uses both @NotFound(action = NotFoundAction.IGNORE) and FetchType.LAZY. The NotFoundAction.IGNORE @ManyToOne and @OneToOne associations are always fetched eagerly.
2021-05-31 23:02:21,138 WARN [main] org.hibernate.cfg.AnnotationBinder [AnnotationBinder.java : 3613] HHH000491: The [updateBy] association in the [com.linln.modules.system.domain.Dict] entity uses both @NotFound(action = NotFoundAction.IGNORE) and FetchType.LAZY. The NotFoundAction.IGNORE @ManyToOne and @OneToOne associations are always fetched eagerly.
2021-05-31 23:02:21,138 WARN [main] org.hibernate.cfg.AnnotationBinder [AnnotationBinder.java : 3613] HHH000491: The [createBy] association in the [com.linln.modules.system.domain.Menu] entity uses both @NotFound(action = NotFoundAction.IGNORE) and FetchType.LAZY. The NotFoundAction.IGNORE @ManyToOne and @OneToOne associations are always fetched eagerly.
2021-05-31 23:02:21,153 WARN [main] org.hibernate.cfg.AnnotationBinder [AnnotationBinder.java : 3613] HHH000491: The [updateBy] association in the [com.linln.modules.system.domain.Menu] entity uses both @NotFound(action = NotFoundAction.IGNORE) and FetchType.LAZY. The NotFoundAction.IGNORE @ManyToOne and @OneToOne associations are always fetched eagerly.
2021-05-31 23:02:21,169 WARN [main] org.hibernate.cfg.AnnotationBinder [AnnotationBinder.java : 3613] HHH000491: The [createBy] association in the [com.linln.modules.system.domain.Role] entity uses both @NotFound(action = NotFoundAction.IGNORE) and FetchType.LAZY. The NotFoundAction.IGNORE @ManyToOne and @OneToOne associations are always fetched eagerly.
2021-05-31 23:02:21,169 WARN [main] org.hibernate.cfg.AnnotationBinder [AnnotationBinder.java : 3613] HHH000491: The [updateBy] association in the [com.linln.modules.system.domain.Role] entity uses both @NotFound(action = NotFoundAction.IGNORE) and FetchType.LAZY. The NotFoundAction.IGNORE @ManyToOne and @OneToOne associations are always fetched eagerly.
2021-05-31 23:02:21,184 WARN [main] org.hibernate.cfg.AnnotationBinder [AnnotationBinder.java : 3613] HHH000491: The [createBy] association in the [com.linln.modules.system.domain.Upload] entity uses both @NotFound(action = NotFoundAction.IGNORE) and FetchType.LAZY. The NotFoundAction.IGNORE @ManyToOne and @OneToOne associations are always fetched eagerly.
2021-05-31 23:02:39,811 WARN [main] o.s.b.a.o.j.JpaBaseConfiguration$JpaWebConfiguration [JpaBaseConfiguration.java : 221] spring.jpa.open-in-view is enabled by default. Therefore, database queries may be performed during view rendering. Explicitly configure spring.jpa.open-in-view to disable this warning
2021-05-31 23:46:04,832 WARN [main] o.s.b.t.j.DuplicateJsonObjectContextCustomizerFactory$DuplicateJsonObjectContextCustomizer [DuplicateJsonObjectContextCustomizerFactory.java : 78] 

Found multiple occurrences of org.json.JSONObject on the class path:

	jar:file:/D:/tool/apache-maven-3.2.3/repository/com/vaadin/external/google/android-json/0.0.20131108.vaadin1/android-json-0.0.20131108.vaadin1.jar!/org/json/JSONObject.class
	jar:file:/D:/tool/apache-maven-3.2.3/repository/org/json/json/20180130/json-20180130.jar!/org/json/JSONObject.class

You may wish to exclude one of them to ensure predictable runtime behavior

2021-05-31 23:46:23,256 WARN [main] org.hibernate.cfg.AnnotationBinder [AnnotationBinder.java : 3613] HHH000491: The [operBy] association in the [com.linln.modules.system.domain.ActionLog] entity uses both @NotFound(action = NotFoundAction.IGNORE) and FetchType.LAZY. The NotFoundAction.IGNORE @ManyToOne and @OneToOne associations are always fetched eagerly.
2021-05-31 23:46:23,276 WARN [main] org.hibernate.cfg.AnnotationBinder [AnnotationBinder.java : 3613] HHH000491: The [createBy] association in the [com.linln.modules.system.domain.Dept] entity uses both @NotFound(action = NotFoundAction.IGNORE) and FetchType.LAZY. The NotFoundAction.IGNORE @ManyToOne and @OneToOne associations are always fetched eagerly.
2021-05-31 23:46:23,276 WARN [main] org.hibernate.cfg.AnnotationBinder [AnnotationBinder.java : 3613] HHH000491: The [updateBy] association in the [com.linln.modules.system.domain.Dept] entity uses both @NotFound(action = NotFoundAction.IGNORE) and FetchType.LAZY. The NotFoundAction.IGNORE @ManyToOne and @OneToOne associations are always fetched eagerly.
2021-05-31 23:46:23,286 WARN [main] org.hibernate.cfg.AnnotationBinder [AnnotationBinder.java : 3613] HHH000491: The [createBy] association in the [com.linln.modules.system.domain.Dict] entity uses both @NotFound(action = NotFoundAction.IGNORE) and FetchType.LAZY. The NotFoundAction.IGNORE @ManyToOne and @OneToOne associations are always fetched eagerly.
2021-05-31 23:46:23,286 WARN [main] org.hibernate.cfg.AnnotationBinder [AnnotationBinder.java : 3613] HHH000491: The [updateBy] association in the [com.linln.modules.system.domain.Dict] entity uses both @NotFound(action = NotFoundAction.IGNORE) and FetchType.LAZY. The NotFoundAction.IGNORE @ManyToOne and @OneToOne associations are always fetched eagerly.
2021-05-31 23:46:23,296 WARN [main] org.hibernate.cfg.AnnotationBinder [AnnotationBinder.java : 3613] HHH000491: The [createBy] association in the [com.linln.modules.system.domain.Menu] entity uses both @NotFound(action = NotFoundAction.IGNORE) and FetchType.LAZY. The NotFoundAction.IGNORE @ManyToOne and @OneToOne associations are always fetched eagerly.
2021-05-31 23:46:23,306 WARN [main] org.hibernate.cfg.AnnotationBinder [AnnotationBinder.java : 3613] HHH000491: The [updateBy] association in the [com.linln.modules.system.domain.Menu] entity uses both @NotFound(action = NotFoundAction.IGNORE) and FetchType.LAZY. The NotFoundAction.IGNORE @ManyToOne and @OneToOne associations are always fetched eagerly.
2021-05-31 23:46:23,316 WARN [main] org.hibernate.cfg.AnnotationBinder [AnnotationBinder.java : 3613] HHH000491: The [createBy] association in the [com.linln.modules.system.domain.Role] entity uses both @NotFound(action = NotFoundAction.IGNORE) and FetchType.LAZY. The NotFoundAction.IGNORE @ManyToOne and @OneToOne associations are always fetched eagerly.
2021-05-31 23:46:23,326 WARN [main] org.hibernate.cfg.AnnotationBinder [AnnotationBinder.java : 3613] HHH000491: The [updateBy] association in the [com.linln.modules.system.domain.Role] entity uses both @NotFound(action = NotFoundAction.IGNORE) and FetchType.LAZY. The NotFoundAction.IGNORE @ManyToOne and @OneToOne associations are always fetched eagerly.
2021-05-31 23:46:23,336 WARN [main] org.hibernate.cfg.AnnotationBinder [AnnotationBinder.java : 3613] HHH000491: The [createBy] association in the [com.linln.modules.system.domain.Upload] entity uses both @NotFound(action = NotFoundAction.IGNORE) and FetchType.LAZY. The NotFoundAction.IGNORE @ManyToOne and @OneToOne associations are always fetched eagerly.
2021-05-31 23:46:40,996 WARN [main] o.s.b.a.o.j.JpaBaseConfiguration$JpaWebConfiguration [JpaBaseConfiguration.java : 221] spring.jpa.open-in-view is enabled by default. Therefore, database queries may be performed during view rendering. Explicitly configure spring.jpa.open-in-view to disable this warning
